<?xml version="1.0" encoding="UTF-8"?>
<testsuite name="registro de usuario" tests="1" skipped="0" failures="0" errors="0" timestamp="2022-03-27T01:20:47" hostname="LAPTOP-MVJM7QIP" time="0.648">
  <properties/>
  <testcase name="registro exitoso" classname="registro de usuario" time="0.648"/>
  <system-out><![CDATA[]]></system-out>
  <system-err><![CDATA[]]></system-err>
</testsuite>
